<?xml version="1.0" encoding="UTF-8"?>
<!-- Generated by org.testng.reporters.JUnitReportReporter -->
<testsuite skipped="0" hostname="DESKTOP-R1MUA42" name="com.crm.qa.testcases.LoginPage2Test" tests="2" failures="0" timestamp="13 Nov 2021 10:44:19 GMT" time="21.192" errors="0">
  <testcase name="loginPage2TitleTest" time="7.127" classname="com.crm.qa.testcases.LoginPage2Test"/>
  <testcase name="Login1Test" time="14.065" classname="com.crm.qa.testcases.LoginPage2Test"/>
</testsuite> <!-- com.crm.qa.testcases.LoginPage2Test -->
