<?xml version="1.0" encoding="UTF-8"?>
<!-- Generated by org.testng.reporters.JUnitReportReporter -->
<testsuite skipped="0" hostname="DESKTOP-R1MUA42" name="com.crm.qa.testcases.LoginPage1Test" tests="3" failures="0" timestamp="13 Nov 2021 10:44:19 GMT" time="27.073" errors="0">
  <testcase name="loginPage1TitleTest" time="7.067" classname="com.crm.qa.testcases.LoginPage1Test"/>
  <testcase name="FreeCrmLogoTest" time="5.280" classname="com.crm.qa.testcases.LoginPage1Test"/>
  <testcase name="validateLogin1Test" time="14.726" classname="com.crm.qa.testcases.LoginPage1Test"/>
</testsuite> <!-- com.crm.qa.testcases.LoginPage1Test -->
