<?xml version="1.0" encoding="UTF-8"?>
<!-- Generated by org.testng.reporters.JUnitReportReporter -->
<testsuite skipped="0" hostname="DESKTOP-R1MUA42" name="com.crm.qa.testcases.ContactsPageTest" tests="5" failures="0" timestamp="13 Nov 2021 10:44:19 GMT" time="198.427" errors="0">
  <testcase name="verifyContactsLabelTest" time="39.540" classname="com.crm.qa.testcases.ContactsPageTest"/>
  <testcase name="validateAddContact" time="32.106" classname="com.crm.qa.testcases.ContactsPageTest"/>
  <testcase name="validateAddContact" time="44.831" classname="com.crm.qa.testcases.ContactsPageTest"/>
  <testcase name="validateAddContact" time="50.567" classname="com.crm.qa.testcases.ContactsPageTest"/>
  <testcase name="validateAddContact" time="31.383" classname="com.crm.qa.testcases.ContactsPageTest"/>
</testsuite> <!-- com.crm.qa.testcases.ContactsPageTest -->
