<?xml version="1.0" encoding="UTF-8"?>
<!-- Generated by org.testng.reporters.JUnitReportReporter -->
<testsuite skipped="0" hostname="DESKTOP-R1MUA42" name="com.crm.qa.testcases.HomePageTest" tests="4" failures="0" timestamp="13 Nov 2021 10:44:19 GMT" time="132.631" errors="0">
  <testcase name="homepageTitleTest" time="43.755" classname="com.crm.qa.testcases.HomePageTest"/>
  <testcase name="verifyUsernameLabelTest" time="30.196" classname="com.crm.qa.testcases.HomePageTest"/>
  <testcase name="verifyContactsLinkTest" time="30.728" classname="com.crm.qa.testcases.HomePageTest"/>
  <testcase name="clickOnAddContactsTest" time="27.952" classname="com.crm.qa.testcases.HomePageTest"/>
</testsuite> <!-- com.crm.qa.testcases.HomePageTest -->
